DEBUG 2025-02-19 16:06:34,228 utils (0.000) 
                SELECT VERSION(),
                       @@sql_mode,
                       @@default_storage_engine,
                       @@sql_auto_is_null,
                       @@lower_case_table_names,
                       CONVERT_TZ('2001-01-01 01:00:00', 'UTC', 'UTC') IS NOT NULL
            ; args=None; alias=default
DEBUG 2025-02-19 16:06:34,228 utils (0.000) SET SESSION TRANSACTION ISOLATION LEVEL READ COMMITTED; args=None; alias=default
DEBUG 2025-02-19 16:06:34,234 utils (0.000) 
            SELECT
                table_name,
                table_type,
                table_comment
            FROM information_schema.tables
            WHERE table_schema = DATABASE()
            ; args=None; alias=default
DEBUG 2025-02-19 16:06:34,238 utils (0.000) SELECT `django_migrations`.`id`, `django_migrations`.`app`, `django_migrations`.`name`, `django_migrations`.`applied` FROM `django_migrations`; args=(); alias=default
DEBUG 2025-02-19 16:06:43,402 utils (0.000) 
                SELECT VERSION(),
                       @@sql_mode,
                       @@default_storage_engine,
                       @@sql_auto_is_null,
                       @@lower_case_table_names,
                       CONVERT_TZ('2001-01-01 01:00:00', 'UTC', 'UTC') IS NOT NULL
            ; args=None; alias=default
DEBUG 2025-02-19 16:06:43,402 utils (0.000) SET SESSION TRANSACTION ISOLATION LEVEL READ COMMITTED; args=None; alias=default
DEBUG 2025-02-19 16:06:43,411 utils (0.000) 
                SELECT VERSION(),
                       @@sql_mode,
                       @@default_storage_engine,
                       @@sql_auto_is_null,
                       @@lower_case_table_names,
                       CONVERT_TZ('2001-01-01 01:00:00', 'UTC', 'UTC') IS NOT NULL
            ; args=None; alias=default
DEBUG 2025-02-19 16:06:44,854 utils (0.000) SET SESSION TRANSACTION ISOLATION LEVEL READ COMMITTED; args=None; alias=default
DEBUG 2025-02-19 16:06:44,854 utils (0.000) 
            SELECT
                table_name,
                table_type,
                table_comment
            FROM information_schema.tables
            WHERE table_schema = DATABASE()
            ; args=None; alias=default
DEBUG 2025-02-19 16:06:44,854 utils (0.000) SELECT `django_migrations`.`id`, `django_migrations`.`app`, `django_migrations`.`name`, `django_migrations`.`applied` FROM `django_migrations`; args=(); alias=default
DEBUG 2025-02-19 16:06:44,854 utils (0.000) 
            SELECT
                table_name,
                table_type,
                table_comment
            FROM information_schema.tables
            WHERE table_schema = DATABASE()
            ; args=None; alias=default
DEBUG 2025-02-19 16:06:44,854 utils (0.000) SELECT `django_migrations`.`id`, `django_migrations`.`app`, `django_migrations`.`name`, `django_migrations`.`applied` FROM `django_migrations`; args=(); alias=default
DEBUG 2025-02-19 16:06:44,886 utils (0.000) 
            SELECT
                table_name,
                table_type,
                table_comment
            FROM information_schema.tables
            WHERE table_schema = DATABASE()
            ; args=None; alias=default
DEBUG 2025-02-19 16:06:44,888 utils (0.000) SELECT `django_migrations`.`id`, `django_migrations`.`app`, `django_migrations`.`name`, `django_migrations`.`applied` FROM `django_migrations`; args=(); alias=default
DEBUG 2025-02-19 16:06:44,888 utils (0.000) SELECT `django_content_type`.`id`, `django_content_type`.`app_label`, `django_content_type`.`model` FROM `django_content_type` WHERE `django_content_type`.`app_label` = 'listings'; args=('listings',); alias=default
DEBUG 2025-02-19 16:06:44,888 utils (0.000) SELECT `django_content_type`.`id`, `django_content_type`.`app_label`, `django_content_type`.`model` FROM `django_content_type` WHERE (`django_content_type`.`app_label` = 'listings' AND `django_content_type`.`model` IN ('mylinkbetweenuserandsession', 'mystatisticdata', 'mycontact', 'myadmindata', 'mysessionlog', 'mytraficdata', 'myopinion', 'myvisitor', 'mycaptcha', 'myranking', 'myipmanagement', 'myuser', 'myipbanlist', 'myverifcode', 'myinternalerror')); args=('listings', 'mylinkbetweenuserandsession', 'mystatisticdata', 'mycontact', 'myadmindata', 'mysessionlog', 'mytraficdata', 'myopinion', 'myvisitor', 'mycaptcha', 'myranking', 'myipmanagement', 'myuser', 'myipbanlist', 'myverifcode', 'myinternalerror'); alias=default
DEBUG 2025-02-19 16:06:44,899 utils (0.016) SELECT `auth_permission`.`content_type_id`, `auth_permission`.`codename` FROM `auth_permission` INNER JOIN `django_content_type` ON (`auth_permission`.`content_type_id` = `django_content_type`.`id`) WHERE `auth_permission`.`content_type_id` IN (1, 2, 3, 4, 5, 6, 7, 8, 9, 10, 11, 12, 13, 14, 15) ORDER BY `django_content_type`.`app_label` ASC, `django_content_type`.`model` ASC, `auth_permission`.`codename` ASC; args=(1, 2, 3, 4, 5, 6, 7, 8, 9, 10, 11, 12, 13, 14, 15); alias=default
DEBUG 2025-02-19 16:06:44,903 utils (0.000) SELECT `django_content_type`.`id`, `django_content_type`.`app_label`, `django_content_type`.`model` FROM `django_content_type` WHERE `django_content_type`.`app_label` = 'listings'; args=('listings',); alias=default
DEBUG 2025-02-19 16:06:44,903 utils (0.000) SELECT `django_content_type`.`id`, `django_content_type`.`app_label`, `django_content_type`.`model` FROM `django_content_type` WHERE `django_content_type`.`app_label` = 'auth'; args=('auth',); alias=default
DEBUG 2025-02-19 16:06:44,903 utils (0.000) SELECT `django_content_type`.`id`, `django_content_type`.`app_label`, `django_content_type`.`model` FROM `django_content_type` WHERE (`django_content_type`.`app_label` = 'auth' AND `django_content_type`.`model` IN ('permission', 'group')); args=('auth', 'permission', 'group'); alias=default
DEBUG 2025-02-19 16:06:44,903 utils (0.000) SELECT `auth_permission`.`content_type_id`, `auth_permission`.`codename` FROM `auth_permission` INNER JOIN `django_content_type` ON (`auth_permission`.`content_type_id` = `django_content_type`.`id`) WHERE `auth_permission`.`content_type_id` IN (16, 17) ORDER BY `django_content_type`.`app_label` ASC, `django_content_type`.`model` ASC, `auth_permission`.`codename` ASC; args=(16, 17); alias=default
DEBUG 2025-02-19 16:06:44,903 utils (0.000) SELECT `django_content_type`.`id`, `django_content_type`.`app_label`, `django_content_type`.`model` FROM `django_content_type` WHERE `django_content_type`.`app_label` = 'auth'; args=('auth',); alias=default
DEBUG 2025-02-19 16:06:44,903 utils (0.000) SELECT `django_content_type`.`id`, `django_content_type`.`app_label`, `django_content_type`.`model` FROM `django_content_type` WHERE `django_content_type`.`app_label` = 'contenttypes'; args=('contenttypes',); alias=default
DEBUG 2025-02-19 16:06:44,903 utils (0.000) SELECT `django_content_type`.`id`, `django_content_type`.`app_label`, `django_content_type`.`model` FROM `django_content_type` WHERE (`django_content_type`.`app_label` = 'contenttypes' AND `django_content_type`.`model` IN ('contenttype')); args=('contenttypes', 'contenttype'); alias=default
DEBUG 2025-02-19 16:06:44,903 utils (0.000) SELECT `auth_permission`.`content_type_id`, `auth_permission`.`codename` FROM `auth_permission` INNER JOIN `django_content_type` ON (`auth_permission`.`content_type_id` = `django_content_type`.`id`) WHERE `auth_permission`.`content_type_id` IN (18) ORDER BY `django_content_type`.`app_label` ASC, `django_content_type`.`model` ASC, `auth_permission`.`codename` ASC; args=(18,); alias=default
DEBUG 2025-02-19 16:06:44,903 utils (0.000) SELECT `django_content_type`.`id`, `django_content_type`.`app_label`, `django_content_type`.`model` FROM `django_content_type` WHERE `django_content_type`.`app_label` = 'contenttypes'; args=('contenttypes',); alias=default
DEBUG 2025-02-19 16:06:44,903 utils (0.000) SELECT `django_content_type`.`id`, `django_content_type`.`app_label`, `django_content_type`.`model` FROM `django_content_type` WHERE `django_content_type`.`app_label` = 'sessions'; args=('sessions',); alias=default
DEBUG 2025-02-19 16:06:44,903 utils (0.000) SELECT `django_content_type`.`id`, `django_content_type`.`app_label`, `django_content_type`.`model` FROM `django_content_type` WHERE (`django_content_type`.`app_label` = 'sessions' AND `django_content_type`.`model` IN ('session')); args=('sessions', 'session'); alias=default
DEBUG 2025-02-19 16:06:44,903 utils (0.000) SELECT `auth_permission`.`content_type_id`, `auth_permission`.`codename` FROM `auth_permission` INNER JOIN `django_content_type` ON (`auth_permission`.`content_type_id` = `django_content_type`.`id`) WHERE `auth_permission`.`content_type_id` IN (19) ORDER BY `django_content_type`.`app_label` ASC, `django_content_type`.`model` ASC, `auth_permission`.`codename` ASC; args=(19,); alias=default
DEBUG 2025-02-19 16:06:44,903 utils (0.000) SELECT `django_content_type`.`id`, `django_content_type`.`app_label`, `django_content_type`.`model` FROM `django_content_type` WHERE `django_content_type`.`app_label` = 'sessions'; args=('sessions',); alias=default
